<?xml version="1.0" encoding="UTF-8"?>
<!-- Generated by org.testng.reporters.JUnitReportReporter -->
<testsuite hostname="DESKTOP-OOH5VV8" failures="0" tests="1" name="EaseMyTrip.TC4" time="61.645" errors="0" timestamp="04 Oct 2021 12:23:30 GMT" skipped="0">
  <testcase classname="EaseMyTrip.TC4" name="TC52" time="61.645"/>
</testsuite> <!-- EaseMyTrip.TC4 -->
