<?xml version="1.0" encoding="UTF-8"?>
<!-- Generated by org.testng.reporters.JUnitReportReporter -->
<testsuite hostname="DESKTOP-OOH5VV8" failures="0" tests="2" name="EaseMyTrip.TC3" time="93.709" errors="0" timestamp="04 Oct 2021 12:23:30 GMT" skipped="0">
  <testcase classname="EaseMyTrip.TC3" name="TC41" time="61.393"/>
  <testcase classname="EaseMyTrip.TC3" name="TC42" time="32.316"/>
</testsuite> <!-- EaseMyTrip.TC3 -->
