<?xml version="1.0" encoding="UTF-8"?>
<!-- Generated by org.testng.reporters.JUnitReportReporter -->
<testsuite hostname="DESKTOP-OOH5VV8" failures="0" tests="2" name="EaseMyTrip.PropertyExample1" time="112.626" errors="0" timestamp="04 Oct 2021 07:48:45 GMT" skipped="0">
  <testcase classname="EaseMyTrip.PropertyExample1" name="TC36" time="53.271"/>
  <testcase classname="EaseMyTrip.PropertyExample1" name="TC37" time="59.355"/>
</testsuite> <!-- EaseMyTrip.PropertyExample1 -->
