<?xml version="1.0" encoding="UTF-8"?>
<!-- Generated by org.testng.reporters.JUnitReportReporter -->
<testsuite hostname="DESKTOP-OOH5VV8" failures="0" tests="1" name="EaseMyTrip.DataDrivenTesting1" time="16.211" errors="0" timestamp="04 Oct 2021 12:23:30 GMT" skipped="0">
  <testcase classname="EaseMyTrip.DataDrivenTesting1" name="TC43" time="16.211"/>
</testsuite> <!-- EaseMyTrip.DataDrivenTesting1 -->
