<?xml version="1.0" encoding="UTF-8"?>
<!-- Generated by org.testng.reporters.JUnitReportReporter -->
<testsuite hostname="DESKTOP-OOH5VV8" failures="0" tests="1" name="EaseMyTrip.usingExcel" time="16.585" errors="0" timestamp="04 Oct 2021 06:17:30 GMT" skipped="0">
  <testcase classname="EaseMyTrip.usingExcel" name="TC43" time="16.585"/>
</testsuite> <!-- EaseMyTrip.usingExcel -->
