<?xml version="1.0" encoding="UTF-8"?>
<!-- Generated by org.testng.reporters.JUnitReportReporter -->
<testsuite hostname="DESKTOP-OOH5VV8" failures="0" tests="2" name="EaseMyTrip.TC1" time="80.356" errors="0" timestamp="04 Oct 2021 12:23:30 GMT" skipped="0">
  <testcase classname="EaseMyTrip.TC1" name="TC34" time="55.209"/>
  <testcase classname="EaseMyTrip.TC1" name="TC35" time="25.147"/>
</testsuite> <!-- EaseMyTrip.TC1 -->
