<?xml version="1.0" encoding="UTF-8"?>
<!-- Generated by org.testng.reporters.JUnitReportReporter -->
<testsuite hostname="DESKTOP-OOH5VV8" failures="0" tests="2" name="EaseMyTrip.PropertyExample1" time="111.325" errors="0" timestamp="04 Oct 2021 12:23:30 GMT" skipped="0">
  <testcase classname="EaseMyTrip.PropertyExample1" name="TC36" time="51.921"/>
  <testcase classname="EaseMyTrip.PropertyExample1" name="TC37" time="59.404"/>
</testsuite> <!-- EaseMyTrip.PropertyExample1 -->
