<?xml version="1.0" encoding="UTF-8"?>
<!-- Generated by org.testng.reporters.JUnitReportReporter -->
<testsuite hostname="DESKTOP-OOH5VV8" failures="0" tests="4" name="EaseMyTrip.TC2" time="225.064" errors="0" timestamp="04 Oct 2021 12:23:30 GMT" skipped="0">
  <testcase classname="EaseMyTrip.TC2" name="TC38" time="57.414"/>
  <testcase classname="EaseMyTrip.TC2" name="TC39" time="56.824"/>
  <testcase classname="EaseMyTrip.TC2" name="TC40" time="53.362"/>
  <testcase classname="EaseMyTrip.TC2" name="TC53" time="57.464"/>
</testsuite> <!-- EaseMyTrip.TC2 -->
