<?xml version="1.0" encoding="UTF-8"?>
<!-- Generated by org.testng.reporters.JUnitReportReporter -->
<testsuite hostname="DESKTOP-OOH5VV8" failures="0" tests="1" name="EaseMyTrip.TC34$TC36" time="36.566" errors="0" timestamp="30 Sep 2021 13:10:08 GMT" skipped="0">
  <testcase classname="EaseMyTrip.TC34$TC36" name="TC34" time="36.566"/>
</testsuite> <!-- EaseMyTrip.TC34$TC36 -->
